Performing C++ SOURCE FILE Test CMAKE_HAVE_LIBC_PTHREAD failed with the following output:
Change Dir: /home/constantine/Desktop/spdlog_binaries_ubuntu_16_04/spdlog-87133ef/build/CMakeFiles/CMakeTmp

Run Build Command(s):/usr/bin/make -f Makefile cmTC_d3c0c/fast && /usr/bin/make  -f CMakeFiles/cmTC_d3c0c.dir/build.make CMakeFiles/cmTC_d3c0c.dir/build
make[1]: Entering directory '/home/constantine/Desktop/spdlog_binaries_ubuntu_16_04/spdlog-87133ef/build/CMakeFiles/CMakeTmp'
Building CXX object CMakeFiles/cmTC_d3c0c.dir/src.cxx.o
/usr/bin/c++ -DCMAKE_HAVE_LIBC_PTHREAD  -fPIE -std=c++11 -o CMakeFiles/cmTC_d3c0c.dir/src.cxx.o -c /home/constantine/Desktop/spdlog_binaries_ubuntu_16_04/spdlog-87133ef/build/CMakeFiles/CMakeTmp/src.cxx
Linking CXX executable cmTC_d3c0c
/home/constantine/Programs/CMake/bin/cmake -E cmake_link_script CMakeFiles/cmTC_d3c0c.dir/link.txt --verbose=1
/usr/bin/c++ CMakeFiles/cmTC_d3c0c.dir/src.cxx.o -o cmTC_d3c0c 
CMakeFiles/cmTC_d3c0c.dir/src.cxx.o: In function `main':
src.cxx:(.text+0x3e): undefined reference to `pthread_create'
src.cxx:(.text+0x4a): undefined reference to `pthread_detach'
src.cxx:(.text+0x56): undefined reference to `pthread_cancel'
src.cxx:(.text+0x67): undefined reference to `pthread_join'
src.cxx:(.text+0x7b): undefined reference to `pthread_atfork'
collect2: error: ld returned 1 exit status
CMakeFiles/cmTC_d3c0c.dir/build.make:98: recipe for target 'cmTC_d3c0c' failed
make[1]: *** [cmTC_d3c0c] Error 1
make[1]: Leaving directory '/home/constantine/Desktop/spdlog_binaries_ubuntu_16_04/spdlog-87133ef/build/CMakeFiles/CMakeTmp'
Makefile:127: recipe for target 'cmTC_d3c0c/fast' failed
make: *** [cmTC_d3c0c/fast] Error 2


Source file was:
#include <pthread.h>

static void* test_func(void* data)
{
  return data;
}

int main(void)
{
  pthread_t thread;
  pthread_create(&thread, NULL, test_func, NULL);
  pthread_detach(thread);
  pthread_cancel(thread);
  pthread_join(thread, NULL);
  pthread_atfork(NULL, NULL, NULL);
  pthread_exit(NULL);

  return 0;
}

Determining if the function pthread_create exists in the pthreads failed with the following output:
Change Dir: /home/constantine/Desktop/spdlog_binaries_ubuntu_16_04/spdlog-87133ef/build/CMakeFiles/CMakeTmp

Run Build Command(s):/usr/bin/make -f Makefile cmTC_c3831/fast && /usr/bin/make  -f CMakeFiles/cmTC_c3831.dir/build.make CMakeFiles/cmTC_c3831.dir/build
make[1]: Entering directory '/home/constantine/Desktop/spdlog_binaries_ubuntu_16_04/spdlog-87133ef/build/CMakeFiles/CMakeTmp'
Building CXX object CMakeFiles/cmTC_c3831.dir/CheckFunctionExists.cxx.o
/usr/bin/c++   -DCHECK_FUNCTION_EXISTS=pthread_create -fPIE -std=c++11 -o CMakeFiles/cmTC_c3831.dir/CheckFunctionExists.cxx.o -c /home/constantine/Desktop/spdlog_binaries_ubuntu_16_04/spdlog-87133ef/build/CMakeFiles/CheckLibraryExists/CheckFunctionExists.cxx
Linking CXX executable cmTC_c3831
/home/constantine/Programs/CMake/bin/cmake -E cmake_link_script CMakeFiles/cmTC_c3831.dir/link.txt --verbose=1
/usr/bin/c++  -DCHECK_FUNCTION_EXISTS=pthread_create CMakeFiles/cmTC_c3831.dir/CheckFunctionExists.cxx.o -o cmTC_c3831  -lpthreads 
/usr/bin/ld: cannot find -lpthreads
collect2: error: ld returned 1 exit status
CMakeFiles/cmTC_c3831.dir/build.make:98: recipe for target 'cmTC_c3831' failed
make[1]: *** [cmTC_c3831] Error 1
make[1]: Leaving directory '/home/constantine/Desktop/spdlog_binaries_ubuntu_16_04/spdlog-87133ef/build/CMakeFiles/CMakeTmp'
Makefile:127: recipe for target 'cmTC_c3831/fast' failed
make: *** [cmTC_c3831/fast] Error 2



